Сборка начата 18.12.2023 17:07:29.
Уровень детализации журнала: Normal.     1>Проект "D:\БГТУ\лабы\АиСД\ASD8\ASD8\ASD8.vcxproj" в узле 2 (целевые объекты Build).
     1>InitializeBuildStatus:
         Создание "x64\Debug\ASD8.tlog\unsuccessfulbuild", так как было задано "AlwaysCreate".
       ClCompile:
         C:\Program Files\Microsoft Visual Studio\2022\Community\VC\Tools\MSVC\14.33.31629\bin\HostX64\x64\CL.exe /c /ZI /JMC /nologo /W3 /WX- /diagnostics:column /sdl /Od /D _DEBUG /D _CONSOLE /D _UNICODE /D UNICODE /Gm- /EHsc /RTC1 /MDd /GS /fp:precise /Zc:wchar_t /Zc:forScope /Zc:inline /permissive- /Fo"x64\Debug\\" /Fd"x64\Debug\vc143.pdb" /external:W3 /Gd /TP /FC /errorReport:prompt Source.cpp
         Source.cpp
     1>D:\БГТУ\лабы\АиСД\ASD8\ASD8\Source.cpp(34,26): warning C4267: инициализация: преобразование из "size_t" в "int"; возможна потеря данных
       Link:
         C:\Program Files\Microsoft Visual Studio\2022\Community\VC\Tools\MSVC\14.33.31629\bin\HostX64\x64\link.exe /ERRORREPORT:PROMPT /OUT:"D:\БГТУ\лабы\АиСД\ASD8\x64\Debug\ASD8.exe" /INCREMENTAL /ILK:"x64\Debug\ASD8.ilk" /NOLOGO kernel32.lib user32.lib gdi32.lib winspool.lib comdlg32.lib advapi32.lib shell32.lib ole32.lib oleaut32.lib uuid.lib odbc32.lib odbccp32.lib /MANIFEST /MANIFESTUAC:"level='asInvoker' uiAccess='false'" /manifest:embed /DEBUG /PDB:"D:\БГТУ\лабы\АиСД\ASD8\x64\Debug\ASD8.pdb" /SUBSYSTEM:CONSOLE /TLBID:1 /DYNAMICBASE /NXCOMPAT /IMPLIB:"D:\БГТУ\лабы\АиСД\ASD8\x64\Debug\ASD8.lib" /MACHINE:X64 x64\Debug\Source.obj
         ASD8.vcxproj -> D:\БГТУ\лабы\АиСД\ASD8\x64\Debug\ASD8.exe
       FinalizeBuildStatus:
         Файл "x64\Debug\ASD8.tlog\unsuccessfulbuild" удаляется.
         Обращение к "x64\Debug\ASD8.tlog\ASD8.lastbuildstate".
     1>Сборка проекта "D:\БГТУ\лабы\АиСД\ASD8\ASD8\ASD8.vcxproj" завершена (целевые объекты Build).

Сборка успешно завершена.

       "D:\БГТУ\лабы\АиСД\ASD8\ASD8\ASD8.vcxproj" (целевой объект Build ) (1) ->
       (Целевой объект ClCompile) -> 
         D:\БГТУ\лабы\АиСД\ASD8\ASD8\Source.cpp(34,26): warning C4267: инициализация: преобразование из "size_t" в "int"; возможна потеря данных

    Предупреждений: 1
    Ошибок: 0

Прошло времени 00:00:01.78
