Сборка начата 14.05.2023 19:31:07.
Уровень детализации журнала: Normal.     1>Проект "D:\БГТУ\лабы\АиСД\Lab06\ЛР №6\ЛР №6.vcxproj" в узле 2 (целевые объекты Build).
     1>PrepareForBuild:
         Создание каталога "D:\БГТУ\лабы\АиСД\Lab06\Debug\".
         Создание каталога "Debug\ЛР №6.tlog\".
       InitializeBuildStatus:
         Создание "Debug\ЛР №6.tlog\unsuccessfulbuild", так как было задано "AlwaysCreate".
       ClCompile:
         C:\Program Files\Microsoft Visual Studio\2022\Community\VC\Tools\MSVC\14.33.31629\bin\HostX86\x86\CL.exe /c /ZI /JMC /nologo /W3 /WX- /diagnostics:column /sdl /Od /Oy- /D WIN32 /D _DEBUG /D _CONSOLE /D _UNICODE /D UNICODE /Gm- /EHsc /RTC1 /MDd /GS /fp:precise /Zc:wchar_t /Zc:forScope /Zc:inline /permissive- /Fo"Debug\\" /Fd"Debug\vc143.pdb" /external:W3 /Gd /TP /analyze- /FC /errorReport:prompt Hash_Table.cpp Lists.cpp "ЛР №6.cpp"
         Hash_Table.cpp
         Lists.cpp
         ЛР №6.cpp
         Создание кода...
       Link:
         C:\Program Files\Microsoft Visual Studio\2022\Community\VC\Tools\MSVC\14.33.31629\bin\HostX86\x86\link.exe /ERRORREPORT:PROMPT /OUT:"D:\БГТУ\лабы\АиСД\Lab06\Debug\ЛР №6.exe" /INCREMENTAL /ILK:"Debug\ЛР №6.ilk" /NOLOGO kernel32.lib user32.lib gdi32.lib winspool.lib comdlg32.lib advapi32.lib shell32.lib ole32.lib oleaut32.lib uuid.lib odbc32.lib odbccp32.lib /MANIFEST /MANIFESTUAC:"level='asInvoker' uiAccess='false'" /manifest:embed /DEBUG /PDB:"D:\БГТУ\лабы\АиСД\Lab06\Debug\ЛР №6.pdb" /SUBSYSTEM:CONSOLE /TLBID:1 /DYNAMICBASE /NXCOMPAT /IMPLIB:"D:\БГТУ\лабы\АиСД\Lab06\Debug\ЛР №6.lib" /MACHINE:X86 Debug\Hash_Table.obj
         Debug\Lists.obj
         "Debug\ЛР №6.obj"
         ЛР №6.vcxproj -> D:\БГТУ\лабы\АиСД\Lab06\Debug\ЛР №6.exe
       FinalizeBuildStatus:
         Файл "Debug\ЛР №6.tlog\unsuccessfulbuild" удаляется.
         Обращение к "Debug\ЛР №6.tlog\ЛР №6.lastbuildstate".
     1>Сборка проекта "D:\БГТУ\лабы\АиСД\Lab06\ЛР №6\ЛР №6.vcxproj" завершена (целевые объекты Build).

Сборка успешно завершена.
    Предупреждений: 0
    Ошибок: 0

Прошло времени 00:00:02.63
